app/build/intermediates/manifest_merge_blame_file/debug/manifest-merger-blame-debug-report.txt
1<?xml version="1.0" encoding="utf-8"?>
2<manifest xmlns:android="http://schemas.android.com/apk/res/android"
3    package="com.cykrome.launcher"
4    android:versionCode="1"
5    android:versionName="1.0.0" >
6
7    <uses-sdk
8        android:minSdkVersion="26"
9        android:targetSdkVersion="34" />
10
11    <!-- Required permissions for launcher -->
12    <uses-permission android:name="android.permission.QUERY_ALL_PACKAGES" />
12-->src/main/AndroidManifest.xml:6:5-119
12-->src/main/AndroidManifest.xml:6:22-74
13    <uses-permission android:name="android.permission.READ_EXTERNAL_STORAGE" />
13-->src/main/AndroidManifest.xml:7:5-80
13-->src/main/AndroidManifest.xml:7:22-77
14    <uses-permission
14-->src/main/AndroidManifest.xml:8:5-9:38
15        android:name="android.permission.WRITE_EXTERNAL_STORAGE"
15-->src/main/AndroidManifest.xml:8:22-78
16        android:maxSdkVersion="32" />
16-->src/main/AndroidManifest.xml:9:9-35
17    <uses-permission android:name="android.permission.POST_NOTIFICATIONS" />
17-->src/main/AndroidManifest.xml:10:5-77
17-->src/main/AndroidManifest.xml:10:22-74
18    <uses-permission android:name="android.permission.BIND_APPWIDGET" />
18-->src/main/AndroidManifest.xml:11:5-73
18-->src/main/AndroidManifest.xml:11:22-70
19    <uses-permission android:name="android.permission.RECEIVE_BOOT_COMPLETED" />
19-->src/main/AndroidManifest.xml:12:5-81
19-->src/main/AndroidManifest.xml:12:22-78
20    <uses-permission android:name="android.permission.SET_WALLPAPER" />
20-->src/main/AndroidManifest.xml:13:5-72
20-->src/main/AndroidManifest.xml:13:22-69
21    <uses-permission android:name="android.permission.SET_WALLPAPER_HINTS" />
21-->src/main/AndroidManifest.xml:14:5-78
21-->src/main/AndroidManifest.xml:14:22-75
22
23    <permission
23-->[androidx.core:core:1.12.0] AndroidManifest.xml:22:5-24:47
24        android:name="com.cykrome.launcher.DYNAMIC_RECEIVER_NOT_EXPORTED_PERMISSION"
24-->[androidx.core:core:1.12.0] AndroidManifest.xml:23:9-81
25        android:protectionLevel="signature" />
25-->[androidx.core:core:1.12.0] AndroidManifest.xml:24:9-44
26
27    <uses-permission android:name="com.cykrome.launcher.DYNAMIC_RECEIVER_NOT_EXPORTED_PERMISSION" />
27-->[androidx.core:core:1.12.0] AndroidManifest.xml:26:5-97
27-->[androidx.core:core:1.12.0] AndroidManifest.xml:26:22-94
28
29    <application
29-->src/main/AndroidManifest.xml:16:5-114:19
30        android:name="com.cykrome.launcher.LauncherApplication"
30-->src/main/AndroidManifest.xml:17:9-44
31        android:allowBackup="true"
31-->src/main/AndroidManifest.xml:18:9-35
32        android:appComponentFactory="androidx.core.app.CoreComponentFactory"
32-->[androidx.core:core:1.12.0] AndroidManifest.xml:28:18-86
33        android:debuggable="true"
34        android:extractNativeLibs="false"
35        android:hardwareAccelerated="true"
35-->src/main/AndroidManifest.xml:24:9-43
36        android:icon="@mipmap/ic_launcher"
36-->src/main/AndroidManifest.xml:19:9-43
37        android:label="@string/app_name"
37-->src/main/AndroidManifest.xml:20:9-41
38        android:roundIcon="@mipmap/ic_launcher_round"
38-->src/main/AndroidManifest.xml:21:9-54
39        android:supportsRtl="true"
39-->src/main/AndroidManifest.xml:22:9-35
40        android:theme="@style/Theme.CyKromeLauncher" >
40-->src/main/AndroidManifest.xml:23:9-53
41
42        <!-- Main Launcher Activity -->
43        <activity
43-->src/main/AndroidManifest.xml:28:9-47:20
44            android:name="com.cykrome.launcher.ui.LauncherActivity"
44-->src/main/AndroidManifest.xml:29:13-48
45            android:configChanges="orientation|screenSize|screenLayout|keyboardHidden|navigation"
45-->src/main/AndroidManifest.xml:34:13-98
46            android:excludeFromRecents="true"
46-->src/main/AndroidManifest.xml:35:13-46
47            android:exported="true"
47-->src/main/AndroidManifest.xml:36:13-36
48            android:launchMode="singleTask"
48-->src/main/AndroidManifest.xml:30:13-44
49            android:screenOrientation="nosensor"
49-->src/main/AndroidManifest.xml:31:13-49
50            android:theme="@style/Theme.CyKromeLauncher.Transparent"
50-->src/main/AndroidManifest.xml:33:13-69
51            android:windowSoftInputMode="adjustPan" >
51-->src/main/AndroidManifest.xml:32:13-52
52            <intent-filter>
52-->src/main/AndroidManifest.xml:37:13-41:29
53                <action android:name="android.intent.action.MAIN" />
53-->src/main/AndroidManifest.xml:38:17-69
53-->src/main/AndroidManifest.xml:38:25-66
54
55                <category android:name="android.intent.category.HOME" />
55-->src/main/AndroidManifest.xml:39:17-73
55-->src/main/AndroidManifest.xml:39:27-70
56                <category android:name="android.intent.category.DEFAULT" />
56-->src/main/AndroidManifest.xml:40:17-76
56-->src/main/AndroidManifest.xml:40:27-73
57            </intent-filter>
58            <!-- Also allow direct launch from app drawer -->
59            <intent-filter>
59-->src/main/AndroidManifest.xml:43:13-46:29
60                <action android:name="android.intent.action.MAIN" />
60-->src/main/AndroidManifest.xml:38:17-69
60-->src/main/AndroidManifest.xml:38:25-66
61
62                <category android:name="android.intent.category.LAUNCHER" />
62-->src/main/AndroidManifest.xml:45:17-77
62-->src/main/AndroidManifest.xml:45:27-74
63            </intent-filter>
64        </activity>
65
66        <!-- Settings Activity - Appears in app drawer -->
67        <activity
67-->src/main/AndroidManifest.xml:50:9-60:20
68            android:name="com.cykrome.launcher.ui.settings.SettingsActivity"
68-->src/main/AndroidManifest.xml:51:13-57
69            android:exported="true"
69-->src/main/AndroidManifest.xml:55:13-36
70            android:label="@string/settings_title"
70-->src/main/AndroidManifest.xml:52:13-51
71            android:parentActivityName="com.cykrome.launcher.ui.LauncherActivity"
71-->src/main/AndroidManifest.xml:53:13-62
72            android:theme="@style/Theme.CyKromeLauncher" >
72-->src/main/AndroidManifest.xml:54:13-57
73            <intent-filter>
73-->src/main/AndroidManifest.xml:43:13-46:29
74                <action android:name="android.intent.action.MAIN" />
74-->src/main/AndroidManifest.xml:38:17-69
74-->src/main/AndroidManifest.xml:38:25-66
75
76                <category android:name="android.intent.category.LAUNCHER" />
76-->src/main/AndroidManifest.xml:45:17-77
76-->src/main/AndroidManifest.xml:45:27-74
77            </intent-filter>
78        </activity>
79
80        <!-- Hide Apps Activity -->
81        <activity
81-->src/main/AndroidManifest.xml:63:9-67:60
82            android:name="com.cykrome.launcher.ui.settings.HideAppsActivity"
82-->src/main/AndroidManifest.xml:64:13-57
83            android:label="@string/hide_apps"
83-->src/main/AndroidManifest.xml:65:13-46
84            android:parentActivityName="com.cykrome.launcher.ui.settings.SettingsActivity"
84-->src/main/AndroidManifest.xml:66:13-71
85            android:theme="@style/Theme.CyKromeLauncher" />
85-->src/main/AndroidManifest.xml:67:13-57
86
87        <!-- Notification Listener Service -->
88        <service
88-->src/main/AndroidManifest.xml:70:9-78:19
89            android:name="com.cykrome.launcher.util.NotificationListener"
89-->src/main/AndroidManifest.xml:71:13-54
90            android:exported="true"
90-->src/main/AndroidManifest.xml:74:13-36
91            android:label="@string/notification_badges"
91-->src/main/AndroidManifest.xml:72:13-56
92            android:permission="android.permission.BIND_NOTIFICATION_LISTENER_SERVICE" >
92-->src/main/AndroidManifest.xml:73:13-87
93            <intent-filter>
93-->src/main/AndroidManifest.xml:75:13-77:29
94                <action android:name="android.service.notification.NotificationListenerService" />
94-->src/main/AndroidManifest.xml:76:17-99
94-->src/main/AndroidManifest.xml:76:25-96
95            </intent-filter>
96        </service>
97
98        <!-- App Widget Configuration -->
99        <receiver
99-->src/main/AndroidManifest.xml:81:9-90:20
100            android:name="com.cykrome.launcher.widget.AppWidgetProvider"
100-->src/main/AndroidManifest.xml:82:13-53
101            android:exported="true" >
101-->src/main/AndroidManifest.xml:83:13-36
102            <intent-filter>
102-->src/main/AndroidManifest.xml:84:13-86:29
103                <action android:name="android.appwidget.action.APPWIDGET_UPDATE" />
103-->src/main/AndroidManifest.xml:85:17-84
103-->src/main/AndroidManifest.xml:85:25-81
104            </intent-filter>
105
106            <meta-data
106-->src/main/AndroidManifest.xml:87:13-89:58
107                android:name="android.appwidget.provider"
107-->src/main/AndroidManifest.xml:88:17-58
108                android:resource="@xml/appwidget_info" />
108-->src/main/AndroidManifest.xml:89:17-55
109        </receiver>
110
111        <!-- Boot Receiver -->
112        <receiver
112-->src/main/AndroidManifest.xml:93:9-101:20
113            android:name="com.cykrome.launcher.receiver.BootReceiver"
113-->src/main/AndroidManifest.xml:94:13-50
114            android:enabled="true"
114-->src/main/AndroidManifest.xml:95:13-35
115            android:exported="true" >
115-->src/main/AndroidManifest.xml:96:13-36
116            <intent-filter>
116-->src/main/AndroidManifest.xml:97:13-100:29
117                <action android:name="android.intent.action.BOOT_COMPLETED" />
117-->src/main/AndroidManifest.xml:98:17-79
117-->src/main/AndroidManifest.xml:98:25-76
118                <action android:name="android.intent.action.QUICKBOOT_POWERON" />
118-->src/main/AndroidManifest.xml:99:17-82
118-->src/main/AndroidManifest.xml:99:25-79
119            </intent-filter>
120        </receiver>
121
122        <!-- File Provider for sharing/backup -->
123        <provider
124            android:name="androidx.core.content.FileProvider"
124-->src/main/AndroidManifest.xml:105:13-62
125            android:authorities="com.cykrome.launcher.fileprovider"
125-->src/main/AndroidManifest.xml:106:13-64
126            android:exported="false"
126-->src/main/AndroidManifest.xml:107:13-37
127            android:grantUriPermissions="true" >
127-->src/main/AndroidManifest.xml:108:13-47
128            <meta-data
128-->src/main/AndroidManifest.xml:109:13-111:54
129                android:name="android.support.FILE_PROVIDER_PATHS"
129-->src/main/AndroidManifest.xml:110:17-67
130                android:resource="@xml/file_paths" />
130-->src/main/AndroidManifest.xml:111:17-51
131        </provider>
132        <provider
132-->[androidx.emoji2:emoji2:1.2.0] AndroidManifest.xml:24:9-32:20
133            android:name="androidx.startup.InitializationProvider"
133-->[androidx.emoji2:emoji2:1.2.0] AndroidManifest.xml:25:13-67
134            android:authorities="com.cykrome.launcher.androidx-startup"
134-->[androidx.emoji2:emoji2:1.2.0] AndroidManifest.xml:26:13-68
135            android:exported="false" >
135-->[androidx.emoji2:emoji2:1.2.0] AndroidManifest.xml:27:13-37
136            <meta-data
136-->[androidx.emoji2:emoji2:1.2.0] AndroidManifest.xml:29:13-31:52
137                android:name="androidx.emoji2.text.EmojiCompatInitializer"
137-->[androidx.emoji2:emoji2:1.2.0] AndroidManifest.xml:30:17-75
138                android:value="androidx.startup" />
138-->[androidx.emoji2:emoji2:1.2.0] AndroidManifest.xml:31:17-49
139            <meta-data
139-->[androidx.lifecycle:lifecycle-process:2.7.0] AndroidManifest.xml:29:13-31:52
140                android:name="androidx.lifecycle.ProcessLifecycleInitializer"
140-->[androidx.lifecycle:lifecycle-process:2.7.0] AndroidManifest.xml:30:17-78
141                android:value="androidx.startup" />
141-->[androidx.lifecycle:lifecycle-process:2.7.0] AndroidManifest.xml:31:17-49
142            <meta-data
142-->[androidx.profileinstaller:profileinstaller:1.3.0] AndroidManifest.xml:29:13-31:52
143                android:name="androidx.profileinstaller.ProfileInstallerInitializer"
143-->[androidx.profileinstaller:profileinstaller:1.3.0] AndroidManifest.xml:30:17-85
144                android:value="androidx.startup" />
144-->[androidx.profileinstaller:profileinstaller:1.3.0] AndroidManifest.xml:31:17-49
145        </provider>
146
147        <uses-library
147-->[androidx.window:window:1.0.0] AndroidManifest.xml:25:9-27:40
148            android:name="androidx.window.extensions"
148-->[androidx.window:window:1.0.0] AndroidManifest.xml:26:13-54
149            android:required="false" />
149-->[androidx.window:window:1.0.0] AndroidManifest.xml:27:13-37
150        <uses-library
150-->[androidx.window:window:1.0.0] AndroidManifest.xml:28:9-30:40
151            android:name="androidx.window.sidecar"
151-->[androidx.window:window:1.0.0] AndroidManifest.xml:29:13-51
152            android:required="false" />
152-->[androidx.window:window:1.0.0] AndroidManifest.xml:30:13-37
153
154        <receiver
154-->[androidx.profileinstaller:profileinstaller:1.3.0] AndroidManifest.xml:34:9-52:20
155            android:name="androidx.profileinstaller.ProfileInstallReceiver"
155-->[androidx.profileinstaller:profileinstaller:1.3.0] AndroidManifest.xml:35:13-76
156            android:directBootAware="false"
156-->[androidx.profileinstaller:profileinstaller:1.3.0] AndroidManifest.xml:36:13-44
157            android:enabled="true"
157-->[androidx.profileinstaller:profileinstaller:1.3.0] AndroidManifest.xml:37:13-35
158            android:exported="true"
158-->[androidx.profileinstaller:profileinstaller:1.3.0] AndroidManifest.xml:38:13-36
159            android:permission="android.permission.DUMP" >
159-->[androidx.profileinstaller:profileinstaller:1.3.0] AndroidManifest.xml:39:13-57
160            <intent-filter>
160-->[androidx.profileinstaller:profileinstaller:1.3.0] AndroidManifest.xml:40:13-42:29
161                <action android:name="androidx.profileinstaller.action.INSTALL_PROFILE" />
161-->[androidx.profileinstaller:profileinstaller:1.3.0] AndroidManifest.xml:41:17-91
161-->[androidx.profileinstaller:profileinstaller:1.3.0] AndroidManifest.xml:41:25-88
162            </intent-filter>
163            <intent-filter>
163-->[androidx.profileinstaller:profileinstaller:1.3.0] AndroidManifest.xml:43:13-45:29
164                <action android:name="androidx.profileinstaller.action.SKIP_FILE" />
164-->[androidx.profileinstaller:profileinstaller:1.3.0] AndroidManifest.xml:44:17-85
164-->[androidx.profileinstaller:profileinstaller:1.3.0] AndroidManifest.xml:44:25-82
165            </intent-filter>
166            <intent-filter>
166-->[androidx.profileinstaller:profileinstaller:1.3.0] AndroidManifest.xml:46:13-48:29
167                <action android:name="androidx.profileinstaller.action.SAVE_PROFILE" />
167-->[androidx.profileinstaller:profileinstaller:1.3.0] AndroidManifest.xml:47:17-88
167-->[androidx.profileinstaller:profileinstaller:1.3.0] AndroidManifest.xml:47:25-85
168            </intent-filter>
169            <intent-filter>
169-->[androidx.profileinstaller:profileinstaller:1.3.0] AndroidManifest.xml:49:13-51:29
170                <action android:name="androidx.profileinstaller.action.BENCHMARK_OPERATION" />
170-->[androidx.profileinstaller:profileinstaller:1.3.0] AndroidManifest.xml:50:17-95
170-->[androidx.profileinstaller:profileinstaller:1.3.0] AndroidManifest.xml:50:25-92
171            </intent-filter>
172        </receiver>
173    </application>
174
175</manifest>